<?xml version="1.0" encoding="UTF-8"?>
<!-- Generated by org.testng.reporters.JUnitReportReporter -->
<testsuite hostname="DESKTOP-VTBT3RG" failures="0" tests="2" name="TestNGBaics.Secondclass" time="0.010" errors="0" timestamp="2024-02-10T09:43:18 IST" skipped="0">
  <testcase classname="TestNGBaics.Secondclass" name="Testcase2" time="0.009"/>
  <testcase classname="TestNGBaics.Secondclass" name="Testcase1" time="0.001"/>
</testsuite> <!-- TestNGBaics.Secondclass -->
