<?xml version="1.0" encoding="UTF-8"?>
<!-- Generated by org.testng.reporters.JUnitReportReporter -->
<testsuite hostname="DESKTOP-VTBT3RG" failures="0" tests="5" name="Testcase.MakeMyTripSearch" time="26.188" errors="0" timestamp="2024-02-17T11:15:38 IST" skipped="0">
  <testcase classname="Testcase.MakeMyTripSearch" name="SearchFlightWithValidData" time="13.000"/>
  <testcase classname="Testcase.MakeMyTripSearch" name="SearchFlightWithValidData" time="10.235"/>
  <testcase classname="Testcase.MakeMyTripSearch" name="SearchWithSameCityError" time="0.750"/>
  <testcase classname="Testcase.MakeMyTripSearch" name="SearchWithSameCityError" time="0.951"/>
  <testcase classname="Testcase.MakeMyTripSearch" name="SearchWithSameCityError" time="1.252"/>
</testsuite> <!-- Testcase.MakeMyTripSearch -->
