<?xml version="1.0" encoding="UTF-8"?>
<!-- Generated by org.testng.reporters.JUnitReportReporter -->
<testsuite hostname="DESKTOP-VTBT3RG" failures="0" tests="5" name="Testcase.MakeMyTripSearch" time="25.558" errors="0" timestamp="2024-02-17T11:21:50 IST" skipped="0">
  <testcase classname="Testcase.MakeMyTripSearch" name="SearchFlightWithValidData" time="8.095"/>
  <testcase classname="Testcase.MakeMyTripSearch" name="SearchFlightWithValidData" time="14.146"/>
  <testcase classname="Testcase.MakeMyTripSearch" name="SearchWithSameCityError" time="1.508"/>
  <testcase classname="Testcase.MakeMyTripSearch" name="SearchWithSameCityError" time="1.046"/>
  <testcase classname="Testcase.MakeMyTripSearch" name="SearchWithSameCityError" time="0.763"/>
</testsuite> <!-- Testcase.MakeMyTripSearch -->
